  cGLFWUtils.cpp
  cLight.cpp
  cLightsManager.cpp
  cMeshObject.cpp
  cMeshObjectFactory.cpp
  cModelDrawInfo.cpp
  console.cpp
  cPhysics.cpp
c:\users\zeel\desktop\school\ws\gameengine\gameengine\cphysics.cpp(45): warning C4244: '+=': conversion from 'double' to 'T', possible loss of data
          with
          [
              T=float
          ]
c:\users\zeel\desktop\school\ws\gameengine\gameengine\cphysics.cpp(46): warning C4244: '+=': conversion from 'double' to 'T', possible loss of data
          with
          [
              T=float
          ]
c:\users\zeel\desktop\school\ws\gameengine\gameengine\cphysics.cpp(47): warning C4244: '+=': conversion from 'double' to 'T', possible loss of data
          with
          [
              T=float
          ]
c:\users\zeel\desktop\school\ws\gameengine\gameengine\cphysics.cpp(49): warning C4244: '+=': conversion from 'double' to 'T', possible loss of data
          with
          [
              T=float
          ]
c:\users\zeel\desktop\school\ws\gameengine\gameengine\cphysics.cpp(50): warning C4244: '+=': conversion from 'double' to 'T', possible loss of data
          with
          [
              T=float
          ]
c:\users\zeel\desktop\school\ws\gameengine\gameengine\cphysics.cpp(51): warning C4244: '+=': conversion from 'double' to 'T', possible loss of data
          with
          [
              T=float
          ]
c:\users\zeel\desktop\school\ws\gameengine\gameengine\cphysics.cpp(169): warning C4244: '=': conversion from 'double' to 'float', possible loss of data
c:\users\zeel\desktop\school\ws\gameengine\gameengine\cphysics.cpp(184): warning C4244: '=': conversion from 'double' to 'float', possible loss of data
c:\users\zeel\desktop\school\ws\gameengine\gameengine\cphysics.cpp(200): warning C4244: '=': conversion from 'double' to 'float', possible loss of data
c:\users\zeel\desktop\school\ws\gameengine\gameengine\cphysics.cpp(215): warning C4244: '=': conversion from 'double' to 'float', possible loss of data
c:\users\zeel\desktop\school\ws\gameengine\gameengine\cphysics.cpp(224): warning C4244: '+=': conversion from 'double' to 'T', possible loss of data
          with
          [
              T=float
          ]
c:\users\zeel\desktop\school\ws\gameengine\gameengine\cphysics.cpp(225): warning C4244: '+=': conversion from 'double' to 'T', possible loss of data
          with
          [
              T=float
          ]
c:\users\zeel\desktop\school\ws\gameengine\gameengine\cphysics.cpp(232): warning C4244: '+=': conversion from 'double' to 'T', possible loss of data
          with
          [
              T=float
          ]
c:\users\zeel\desktop\school\ws\gameengine\gameengine\cphysics.cpp(233): warning C4244: '+=': conversion from 'double' to 'T', possible loss of data
          with
          [
              T=float
          ]
  cSceneUtils.cpp
  cShader.cpp
  cShaderUtils.cpp
  cVAOMeshUtils.cpp
  cJsonUtils.cpp
  main.cpp
  cUserIO.cpp
  cSoundManager.cpp
  utils.cpp
  glad.c
  Generating code
  All 2395 functions were compiled because no usable IPDB/IOBJ from previous compilation was found.
  Finished generating code
  GameEngine.vcxproj -> C:\Users\zeel\Desktop\School\ws\GameEngine\Release\GameEngine.exe
