c:\users\zeel\desktop\school\ws\gameengine\gameengine\x64\release\vc141.pdb
c:\users\zeel\desktop\school\ws\gameengine\gameengine\x64\release\utils.obj
c:\users\zeel\desktop\school\ws\gameengine\gameengine\x64\release\csoundmanager.obj
c:\users\zeel\desktop\school\ws\gameengine\gameengine\x64\release\cuserio.obj
c:\users\zeel\desktop\school\ws\gameengine\gameengine\x64\release\main.obj
c:\users\zeel\desktop\school\ws\gameengine\gameengine\x64\release\cjsonutils.obj
c:\users\zeel\desktop\school\ws\gameengine\gameengine\x64\release\cvaomeshutils.obj
c:\users\zeel\desktop\school\ws\gameengine\gameengine\x64\release\cshaderutils.obj
c:\users\zeel\desktop\school\ws\gameengine\gameengine\x64\release\cshader.obj
c:\users\zeel\desktop\school\ws\gameengine\gameengine\x64\release\csceneutils.obj
c:\users\zeel\desktop\school\ws\gameengine\gameengine\x64\release\console.obj
c:\users\zeel\desktop\school\ws\gameengine\gameengine\x64\release\cmodeldrawinfo.obj
c:\users\zeel\desktop\school\ws\gameengine\gameengine\x64\release\cmeshobjectfactory.obj
c:\users\zeel\desktop\school\ws\gameengine\gameengine\x64\release\cmeshobject.obj
c:\users\zeel\desktop\school\ws\gameengine\gameengine\x64\release\cglfwutils.obj
c:\users\zeel\desktop\school\ws\gameengine\gameengine\x64\release\glad.obj
c:\users\zeel\desktop\school\ws\gameengine\gameengine\x64\release\cphysics.obj
c:\users\zeel\desktop\school\ws\gameengine\gameengine\x64\release\clightsmanager.obj
c:\users\zeel\desktop\school\ws\gameengine\gameengine\x64\release\clight.obj
c:\users\zeel\desktop\school\ws\gameengine\x64\release\gameengine.ipdb
c:\users\zeel\desktop\school\ws\gameengine\x64\release\gameengine.iobj
c:\users\zeel\desktop\school\ws\gameengine\x64\release\gameengine.exe
c:\users\zeel\desktop\school\ws\gameengine\x64\release\gameengine.pdb
c:\users\zeel\desktop\school\ws\gameengine\gameengine\x64\release\gameengine.tlog\cl.command.1.tlog
c:\users\zeel\desktop\school\ws\gameengine\gameengine\x64\release\gameengine.tlog\cl.read.1.tlog
c:\users\zeel\desktop\school\ws\gameengine\gameengine\x64\release\gameengine.tlog\cl.write.1.tlog
c:\users\zeel\desktop\school\ws\gameengine\gameengine\x64\release\gameengine.tlog\gameengine.write.1u.tlog
c:\users\zeel\desktop\school\ws\gameengine\gameengine\x64\release\gameengine.tlog\link.command.1.tlog
c:\users\zeel\desktop\school\ws\gameengine\gameengine\x64\release\gameengine.tlog\link.read.1.tlog
c:\users\zeel\desktop\school\ws\gameengine\gameengine\x64\release\gameengine.tlog\link.write.1.tlog
